TN:
SF:src/sf-user-auth.ts
FN:1079,SfUserAuth
FN:466,SfUserAuth.onArgs
FN:549,SfUserAuth.signOut
FN:556,SfUserAuth.validateTerms
FN:560,SfUserAuth.validatePrivacy
FN:564,SfUserAuth.validateEmail
FN:571,SfUserAuth.validateName
FN:578,SfUserAuth.validateSearch
FN:585,SfUserAuth.validateOtp
FN:592,SfUserAuth.clearMessages
FN:600,SfUserAuth.setError
FN:607,SfUserAuth.setSuccess
FN:614,SfUserAuth.insertLogsHTML
FN:705,SfUserAuth.insertUserDetailHTML
FN:736,SfUserAuth.prepareXhr
FN:746,SfUserAuth.onResendSubmit
FN:762,SfUserAuth.onFormSubmit
FN:823,SfUserAuth.evalSubmit
FN:861,SfUserAuth.onCheckedChange
FN:867,SfUserAuth.onKeyUp
FN:924,SfUserAuth.onLoaded
FN:937,SfUserAuth.onLocked
FN:951,SfUserAuth.onUnlocked
FN:963,SfUserAuth.onCancelUserDetails
FN:967,SfUserAuth.onSearchClick
FN:973,SfUserAuth.decorateSlots
FN:977,SfUserAuth.copySlots
FN:981,SfUserAuth.initState
FN:1020,SfUserAuth.initListeners
FN:1024,SfUserAuth.fetchUserDetails
FN:1037,SfUserAuth.fetchSignout
FN:1054,SfUserAuth.fetchLogs
FN:1083,firstUpdated
FN:1090,connectedCallback
FN:1094,getUiRefresh
FN:1108,getUiSignIn
FN:1141,render
FNF:37
FNH:25
FNDA:32,SfUserAuth
FNDA:189,SfUserAuth.onArgs
FNDA:0,SfUserAuth.signOut
FNDA:7,SfUserAuth.validateTerms
FNDA:4,SfUserAuth.validatePrivacy
FNDA:34,SfUserAuth.validateEmail
FNDA:22,SfUserAuth.validateName
FNDA:0,SfUserAuth.validateSearch
FNDA:20,SfUserAuth.validateOtp
FNDA:8,SfUserAuth.clearMessages
FNDA:4,SfUserAuth.setError
FNDA:2,SfUserAuth.setSuccess
FNDA:0,SfUserAuth.insertLogsHTML
FNDA:0,SfUserAuth.insertUserDetailHTML
FNDA:8,SfUserAuth.prepareXhr
FNDA:2,SfUserAuth.onResendSubmit
FNDA:6,SfUserAuth.onFormSubmit
FNDA:32,SfUserAuth.evalSubmit
FNDA:1,SfUserAuth.onCheckedChange
FNDA:31,SfUserAuth.onKeyUp
FNDA:0,SfUserAuth.onLoaded
FNDA:0,SfUserAuth.onLocked
FNDA:0,SfUserAuth.onUnlocked
FNDA:0,SfUserAuth.onCancelUserDetails
FNDA:0,SfUserAuth.onSearchClick
FNDA:21,SfUserAuth.decorateSlots
FNDA:21,SfUserAuth.copySlots
FNDA:21,SfUserAuth.initState
FNDA:21,SfUserAuth.initListeners
FNDA:0,SfUserAuth.fetchUserDetails
FNDA:0,SfUserAuth.fetchSignout
FNDA:0,SfUserAuth.fetchLogs
FNDA:21,firstUpdated
FNDA:21,connectedCallback
FNDA:46,getUiRefresh
FNDA:10,getUiSignIn
FNDA:91,render
DA:1,11
DA:2,11
DA:3,11
DA:4,11
DA:5,11
DA:6,11
DA:7,11
DA:8,11
DA:9,11
DA:10,11
DA:11,11
DA:12,11
DA:13,11
DA:14,11
DA:15,11
DA:16,11
DA:17,11
DA:18,11
DA:19,11
DA:20,11
DA:21,11
DA:22,11
DA:23,11
DA:24,11
DA:25,11
DA:26,11
DA:27,11
DA:28,11
DA:29,11
DA:30,11
DA:31,11
DA:32,11
DA:33,11
DA:34,11
DA:35,11
DA:36,11
DA:37,11
DA:38,11
DA:39,11
DA:40,11
DA:41,11
DA:42,11
DA:43,11
DA:44,11
DA:45,11
DA:46,11
DA:47,11
DA:48,11
DA:49,11
DA:50,11
DA:51,11
DA:52,11
DA:53,11
DA:54,11
DA:55,11
DA:56,11
DA:57,11
DA:58,11
DA:59,11
DA:60,11
DA:61,11
DA:62,11
DA:63,11
DA:64,11
DA:65,11
DA:66,11
DA:67,11
DA:68,11
DA:69,11
DA:70,11
DA:71,11
DA:72,11
DA:73,11
DA:74,11
DA:75,11
DA:76,11
DA:77,11
DA:78,11
DA:79,11
DA:80,11
DA:81,11
DA:82,11
DA:83,11
DA:84,11
DA:85,11
DA:86,11
DA:87,11
DA:88,11
DA:89,11
DA:90,11
DA:91,11
DA:92,11
DA:93,11
DA:94,11
DA:95,11
DA:96,11
DA:97,11
DA:98,11
DA:99,11
DA:100,11
DA:101,11
DA:102,11
DA:103,11
DA:104,11
DA:105,11
DA:106,11
DA:107,11
DA:108,11
DA:109,11
DA:110,11
DA:111,11
DA:112,11
DA:113,11
DA:114,11
DA:115,11
DA:116,11
DA:117,11
DA:118,11
DA:119,11
DA:120,11
DA:121,11
DA:122,11
DA:123,11
DA:124,11
DA:125,11
DA:126,11
DA:127,11
DA:128,11
DA:129,11
DA:130,11
DA:131,11
DA:132,11
DA:133,11
DA:134,11
DA:135,11
DA:136,11
DA:137,11
DA:138,11
DA:139,11
DA:140,11
DA:141,11
DA:142,11
DA:143,11
DA:144,11
DA:145,11
DA:146,11
DA:147,11
DA:148,11
DA:149,11
DA:150,11
DA:151,11
DA:152,11
DA:153,11
DA:154,11
DA:155,11
DA:156,11
DA:157,11
DA:158,11
DA:159,11
DA:160,11
DA:161,11
DA:162,11
DA:163,11
DA:164,11
DA:165,11
DA:166,11
DA:167,11
DA:168,11
DA:169,11
DA:170,11
DA:171,11
DA:172,11
DA:173,11
DA:174,11
DA:175,11
DA:176,11
DA:177,11
DA:178,11
DA:179,11
DA:180,11
DA:181,11
DA:182,11
DA:183,11
DA:184,11
DA:185,11
DA:186,11
DA:187,11
DA:188,11
DA:189,11
DA:190,11
DA:191,11
DA:192,11
DA:193,11
DA:194,11
DA:195,11
DA:196,11
DA:197,11
DA:198,11
DA:199,11
DA:200,11
DA:201,11
DA:202,11
DA:203,11
DA:204,11
DA:205,11
DA:206,11
DA:207,11
DA:208,11
DA:209,11
DA:210,11
DA:211,11
DA:212,11
DA:213,11
DA:214,11
DA:215,11
DA:216,11
DA:217,11
DA:218,11
DA:219,11
DA:220,11
DA:221,11
DA:222,11
DA:223,11
DA:224,11
DA:225,11
DA:226,11
DA:227,11
DA:228,11
DA:229,11
DA:230,11
DA:231,11
DA:232,11
DA:233,11
DA:234,11
DA:235,11
DA:236,11
DA:237,11
DA:238,11
DA:239,11
DA:240,11
DA:241,11
DA:242,11
DA:243,11
DA:244,11
DA:245,11
DA:246,11
DA:247,11
DA:248,11
DA:249,11
DA:250,11
DA:251,11
DA:252,11
DA:253,11
DA:254,11
DA:255,11
DA:256,11
DA:257,11
DA:258,11
DA:259,11
DA:260,11
DA:261,11
DA:262,11
DA:263,11
DA:264,11
DA:265,11
DA:266,11
DA:267,11
DA:268,11
DA:269,11
DA:270,11
DA:271,11
DA:272,11
DA:273,11
DA:274,11
DA:275,11
DA:276,11
DA:277,11
DA:278,11
DA:279,11
DA:280,11
DA:281,11
DA:282,11
DA:283,11
DA:284,11
DA:285,11
DA:286,11
DA:287,11
DA:288,11
DA:289,11
DA:290,11
DA:291,11
DA:292,11
DA:293,11
DA:294,11
DA:295,11
DA:296,11
DA:297,11
DA:298,11
DA:299,11
DA:300,11
DA:301,11
DA:302,11
DA:303,11
DA:304,11
DA:305,11
DA:306,11
DA:307,11
DA:308,11
DA:309,11
DA:310,11
DA:311,11
DA:312,11
DA:313,11
DA:314,11
DA:315,11
DA:316,11
DA:317,11
DA:318,11
DA:319,11
DA:320,11
DA:321,11
DA:322,11
DA:323,11
DA:324,11
DA:325,11
DA:326,11
DA:327,11
DA:328,11
DA:329,11
DA:330,11
DA:331,11
DA:332,11
DA:333,11
DA:334,11
DA:335,11
DA:336,11
DA:337,11
DA:338,11
DA:339,11
DA:340,11
DA:341,11
DA:342,11
DA:343,11
DA:344,11
DA:345,11
DA:346,11
DA:347,11
DA:348,11
DA:349,11
DA:350,11
DA:351,11
DA:352,11
DA:353,11
DA:354,11
DA:355,11
DA:356,11
DA:357,11
DA:358,11
DA:359,11
DA:360,11
DA:361,11
DA:362,11
DA:363,11
DA:364,11
DA:365,11
DA:366,11
DA:367,11
DA:368,11
DA:369,11
DA:370,11
DA:371,11
DA:372,11
DA:373,11
DA:374,11
DA:375,11
DA:376,11
DA:377,11
DA:378,11
DA:379,11
DA:380,11
DA:381,11
DA:382,11
DA:383,11
DA:384,11
DA:385,11
DA:386,11
DA:387,11
DA:388,11
DA:389,11
DA:390,11
DA:391,11
DA:392,11
DA:393,11
DA:394,11
DA:395,11
DA:396,11
DA:397,11
DA:398,11
DA:399,11
DA:400,11
DA:401,11
DA:402,11
DA:403,11
DA:404,11
DA:405,11
DA:406,11
DA:407,11
DA:408,11
DA:409,11
DA:410,11
DA:411,11
DA:412,11
DA:413,11
DA:414,11
DA:415,11
DA:416,11
DA:417,11
DA:418,11
DA:419,11
DA:420,11
DA:421,11
DA:422,11
DA:423,11
DA:424,11
DA:425,11
DA:426,11
DA:427,11
DA:428,11
DA:429,11
DA:430,11
DA:431,11
DA:432,11
DA:433,11
DA:434,11
DA:435,11
DA:436,11
DA:437,11
DA:438,11
DA:439,11
DA:440,11
DA:441,11
DA:442,11
DA:443,11
DA:444,11
DA:445,11
DA:446,11
DA:447,11
DA:448,11
DA:449,11
DA:450,11
DA:451,11
DA:452,11
DA:453,11
DA:454,11
DA:455,11
DA:456,11
DA:457,11
DA:458,11
DA:459,11
DA:460,11
DA:461,11
DA:462,11
DA:463,11
DA:464,11
DA:465,11
DA:466,11
DA:467,11
DA:468,11
DA:469,11
DA:470,11
DA:471,11
DA:472,11
DA:473,11
DA:474,11
DA:475,11
DA:476,11
DA:477,11
DA:478,11
DA:479,11
DA:480,11
DA:481,11
DA:482,11
DA:483,11
DA:484,11
DA:485,11
DA:486,11
DA:487,11
DA:488,11
DA:489,11
DA:490,11
DA:491,11
DA:492,11
DA:493,11
DA:494,11
DA:495,11
DA:496,11
DA:497,11
DA:498,11
DA:499,11
DA:500,11
DA:501,11
DA:502,11
DA:503,11
DA:504,11
DA:505,11
DA:506,11
DA:507,11
DA:508,11
DA:509,11
DA:510,11
DA:511,11
DA:512,11
DA:513,11
DA:514,11
DA:515,11
DA:516,11
DA:517,11
DA:518,11
DA:519,11
DA:520,11
DA:521,11
DA:522,11
DA:523,11
DA:524,11
DA:525,11
DA:526,11
DA:527,11
DA:528,11
DA:529,11
DA:530,11
DA:531,11
DA:532,11
DA:533,11
DA:534,11
DA:535,11
DA:536,11
DA:537,11
DA:538,11
DA:539,11
DA:540,11
DA:541,11
DA:542,11
DA:543,11
DA:544,11
DA:545,11
DA:546,11
DA:547,11
DA:548,11
DA:549,11
DA:550,0
DA:551,0
DA:552,0
DA:553,0
DA:554,0
DA:555,11
DA:556,11
DA:557,7
DA:558,7
DA:559,11
DA:560,11
DA:561,4
DA:562,4
DA:563,11
DA:564,11
DA:565,34
DA:566,19
DA:567,19
DA:568,30
DA:569,30
DA:570,11
DA:571,11
DA:572,22
DA:573,16
DA:574,16
DA:575,22
DA:576,22
DA:577,11
DA:578,11
DA:579,0
DA:580,0
DA:581,0
DA:582,0
DA:583,0
DA:584,11
DA:585,11
DA:586,20
DA:587,10
DA:588,10
DA:589,10
DA:590,10
DA:591,11
DA:592,11
DA:593,8
DA:594,8
DA:595,8
DA:596,8
DA:597,8
DA:598,8
DA:599,11
DA:600,11
DA:601,4
DA:602,4
DA:603,4
DA:604,4
DA:605,4
DA:606,11
DA:607,11
DA:608,2
DA:609,2
DA:610,2
DA:611,2
DA:612,2
DA:613,11
DA:614,11
DA:615,0
DA:616,0
DA:617,0
DA:618,0
DA:619,0
DA:620,0
DA:621,0
DA:622,0
DA:623,0
DA:624,0
DA:625,0
DA:626,0
DA:627,0
DA:628,0
DA:629,0
DA:630,0
DA:631,0
DA:632,0
DA:633,0
DA:634,0
DA:635,0
DA:636,0
DA:637,0
DA:638,0
DA:639,0
DA:640,0
DA:641,0
DA:642,0
DA:643,0
DA:644,0
DA:645,0
DA:646,0
DA:647,0
DA:648,0
DA:649,0
DA:650,0
DA:651,0
DA:652,0
DA:653,0
DA:654,0
DA:655,0
DA:656,0
DA:657,0
DA:658,0
DA:659,0
DA:660,0
DA:661,0
DA:662,0
DA:663,0
DA:664,0
DA:665,0
DA:666,0
DA:667,0
DA:668,0
DA:669,0
DA:670,0
DA:671,0
DA:672,0
DA:673,0
DA:674,0
DA:675,0
DA:676,0
DA:677,0
DA:678,0
DA:679,0
DA:680,0
DA:681,0
DA:682,0
DA:683,0
DA:684,0
DA:685,0
DA:686,0
DA:687,0
DA:688,0
DA:689,0
DA:690,0
DA:691,0
DA:692,0
DA:693,0
DA:694,0
DA:695,0
DA:696,0
DA:697,0
DA:698,0
DA:699,0
DA:700,0
DA:701,0
DA:702,0
DA:703,0
DA:704,11
DA:705,11
DA:706,0
DA:707,0
DA:708,0
DA:709,0
DA:710,0
DA:711,0
DA:712,0
DA:713,0
DA:714,0
DA:715,0
DA:716,0
DA:717,0
DA:718,0
DA:719,0
DA:720,0
DA:721,0
DA:722,0
DA:723,0
DA:724,0
DA:725,0
DA:726,0
DA:727,0
DA:728,0
DA:729,0
DA:730,0
DA:731,0
DA:732,0
DA:733,0
DA:734,0
DA:735,11
DA:736,11
DA:737,8
DA:738,8
DA:739,8
DA:740,8
DA:741,8
DA:742,8
DA:743,8
DA:744,8
DA:745,11
DA:746,11
DA:747,2
DA:748,2
DA:749,2
DA:750,2
DA:751,2
DA:752,2
DA:753,2
DA:754,1
DA:755,2
DA:756,1
DA:757,1
DA:758,1
DA:759,2
DA:760,2
DA:761,11
DA:762,11
DA:763,6
DA:764,6
DA:765,6
DA:766,6
DA:767,2
DA:768,2
DA:769,2
DA:770,2
DA:771,1
DA:772,2
DA:773,1
DA:774,1
DA:775,1
DA:776,2
DA:777,6
DA:778,2
DA:779,2
DA:780,2
DA:781,2
DA:782,1
DA:783,2
DA:784,1
DA:785,1
DA:786,1
DA:787,2
DA:788,4
DA:789,2
DA:790,2
DA:791,2
DA:792,2
DA:793,1
DA:794,1
DA:795,1
DA:796,1
DA:797,1
DA:798,1
DA:799,1
DA:800,1
DA:801,2
DA:802,1
DA:803,1
DA:804,1
DA:805,2
DA:806,2
DA:807,0
DA:808,0
DA:809,0
DA:810,0
DA:811,0
DA:812,0
DA:813,0
DA:814,0
DA:815,0
DA:816,0
DA:817,0
DA:818,0
DA:819,0
DA:820,6
DA:821,6
DA:822,11
DA:823,11
DA:824,32
DA:825,32
DA:826,16
DA:827,16
DA:828,3
DA:829,16
DA:830,13
DA:831,13
DA:832,16
DA:833,32
DA:834,6
DA:835,6
DA:836,3
DA:837,3
DA:838,3
DA:839,3
DA:840,6
DA:841,16
DA:842,10
DA:843,10
DA:844,5
DA:845,5
DA:846,5
DA:847,5
DA:848,10
DA:849,10
DA:850,0
DA:851,0
DA:852,0
DA:853,0
DA:854,0
DA:855,0
DA:856,0
DA:857,0
DA:858,32
DA:859,32
DA:860,11
DA:861,11
DA:862,1
DA:863,1
DA:864,1
DA:865,1
DA:866,11
DA:867,11
DA:868,31
DA:869,31
DA:870,31
DA:871,31
DA:872,6
DA:873,6
DA:874,3
DA:875,3
DA:876,3
DA:877,3
DA:878,6
DA:879,6
DA:880,31
DA:881,31
DA:882,15
DA:883,15
DA:884,9
DA:885,13
DA:886,6
DA:887,6
DA:888,15
DA:889,15
DA:890,31
DA:891,31
DA:892,10
DA:893,10
DA:894,5
DA:895,5
DA:896,5
DA:897,5
DA:898,10
DA:899,10
DA:900,31
DA:901,31
DA:902,0
DA:903,0
DA:904,0
DA:905,0
DA:906,0
DA:907,31
DA:908,31
DA:909,0
DA:910,0
DA:911,0
DA:912,0
DA:913,31
DA:914,31
DA:915,31
DA:916,31
DA:917,31
DA:918,31
DA:919,31
DA:920,31
DA:921,31
DA:922,31
DA:923,11
DA:924,11
DA:925,0
DA:926,0
DA:927,0
DA:928,0
DA:929,0
DA:930,0
DA:931,0
DA:932,0
DA:933,0
DA:934,0
DA:935,0
DA:936,11
DA:937,11
DA:938,0
DA:939,0
DA:940,0
DA:941,0
DA:942,0
DA:943,0
DA:944,0
DA:945,0
DA:946,0
DA:947,0
DA:948,0
DA:949,0
DA:950,11
DA:951,11
DA:952,0
DA:953,0
DA:954,0
DA:955,0
DA:956,0
DA:957,0
DA:958,0
DA:959,0
DA:960,0
DA:961,0
DA:962,11
DA:963,11
DA:964,0
DA:965,0
DA:966,11
DA:967,11
DA:968,0
DA:969,0
DA:970,0
DA:971,0
DA:972,11
DA:973,11
DA:974,21
DA:975,21
DA:976,11
DA:977,11
DA:978,21
DA:979,21
DA:980,11
DA:981,11
DA:982,21
DA:983,21
DA:984,0
DA:985,0
DA:986,0
DA:987,21
DA:988,21
DA:989,21
DA:990,0
DA:991,0
DA:992,21
DA:993,21
DA:994,0
DA:995,0
DA:996,21
DA:997,21
DA:998,0
DA:999,0
DA:1000,0
DA:1001,0
DA:1002,0
DA:1003,0
DA:1004,0
DA:1005,0
DA:1006,0
DA:1007,0
DA:1008,0
DA:1009,0
DA:1010,0
DA:1011,0
DA:1012,0
DA:1013,21
DA:1014,21
DA:1015,0
DA:1016,0
DA:1017,21
DA:1018,21
DA:1019,11
DA:1020,11
DA:1021,21
DA:1022,21
DA:1023,11
DA:1024,11
DA:1025,0
DA:1026,0
DA:1027,0
DA:1028,0
DA:1029,0
DA:1030,0
DA:1031,0
DA:1032,0
DA:1033,0
DA:1034,0
DA:1035,0
DA:1036,11
DA:1037,11
DA:1038,0
DA:1039,0
DA:1040,0
DA:1041,0
DA:1042,0
DA:1043,0
DA:1044,0
DA:1045,0
DA:1046,0
DA:1047,0
DA:1048,0
DA:1049,0
DA:1050,0
DA:1051,0
DA:1052,11
DA:1053,11
DA:1054,11
DA:1055,0
DA:1056,0
DA:1057,0
DA:1058,0
DA:1059,0
DA:1060,0
DA:1061,0
DA:1062,0
DA:1063,0
DA:1064,0
DA:1065,0
DA:1066,0
DA:1067,0
DA:1068,0
DA:1069,0
DA:1070,0
DA:1071,0
DA:1072,0
DA:1073,0
DA:1074,0
DA:1075,0
DA:1076,0
DA:1077,0
DA:1078,11
DA:1079,11
DA:1080,32
DA:1081,32
DA:1082,11
DA:1083,11
DA:1084,21
DA:1085,21
DA:1086,21
DA:1087,21
DA:1088,21
DA:1089,11
DA:1090,11
DA:1091,21
DA:1092,21
DA:1093,11
DA:1094,11
DA:1095,46
DA:1096,46
DA:1097,46
DA:1098,46
DA:1099,46
DA:1100,46
DA:1101,46
DA:1102,46
DA:1103,46
DA:1104,46
DA:1105,46
DA:1106,46
DA:1107,11
DA:1108,11
DA:1109,10
DA:1110,10
DA:1111,10
DA:1112,10
DA:1113,10
DA:1114,10
DA:1115,10
DA:1116,10
DA:1117,10
DA:1118,10
DA:1119,10
DA:1120,10
DA:1121,10
DA:1122,10
DA:1123,10
DA:1124,10
DA:1125,10
DA:1126,10
DA:1127,10
DA:1128,10
DA:1129,10
DA:1130,10
DA:1131,10
DA:1132,10
DA:1133,10
DA:1134,10
DA:1135,10
DA:1136,10
DA:1137,10
DA:1138,10
DA:1139,10
DA:1140,11
DA:1141,11
DA:1142,91
DA:1143,91
DA:1144,42
DA:1145,42
DA:1146,42
DA:1147,91
DA:1148,16
DA:1149,16
DA:1150,16
DA:1151,16
DA:1152,16
DA:1153,16
DA:1154,16
DA:1155,16
DA:1156,16
DA:1157,16
DA:1158,16
DA:1159,16
DA:1160,16
DA:1161,16
DA:1162,16
DA:1163,16
DA:1164,16
DA:1165,16
DA:1166,16
DA:1167,16
DA:1168,16
DA:1169,16
DA:1170,16
DA:1171,16
DA:1172,16
DA:1173,16
DA:1174,16
DA:1175,16
DA:1176,16
DA:1177,16
DA:1178,16
DA:1179,16
DA:1180,16
DA:1181,16
DA:1182,16
DA:1183,16
DA:1184,16
DA:1185,16
DA:1186,16
DA:1187,16
DA:1188,16
DA:1189,49
DA:1190,1
DA:1191,1
DA:1192,1
DA:1193,1
DA:1194,1
DA:1195,1
DA:1196,1
DA:1197,1
DA:1198,1
DA:1199,1
DA:1200,33
DA:1201,1
DA:1202,1
DA:1203,1
DA:1204,1
DA:1205,1
DA:1206,1
DA:1207,1
DA:1208,1
DA:1209,1
DA:1210,1
DA:1211,32
DA:1212,10
DA:1213,10
DA:1214,10
DA:1215,31
DA:1216,16
DA:1217,16
DA:1218,16
DA:1219,16
DA:1220,16
DA:1221,16
DA:1222,16
DA:1223,16
DA:1224,16
DA:1225,16
DA:1226,16
DA:1227,16
DA:1228,16
DA:1229,16
DA:1230,16
DA:1231,16
DA:1232,16
DA:1233,16
DA:1234,16
DA:1235,16
DA:1236,16
DA:1237,16
DA:1238,16
DA:1239,16
DA:1240,16
DA:1241,16
DA:1242,16
DA:1243,16
DA:1244,21
DA:1245,3
DA:1246,3
DA:1247,3
DA:1248,5
DA:1249,1
DA:1250,1
DA:1251,1
DA:1252,1
DA:1253,1
DA:1254,1
DA:1255,1
DA:1256,1
DA:1257,1
DA:1258,1
DA:1259,0
DA:1260,0
DA:1261,0
DA:1262,0
DA:1263,0
DA:1264,0
DA:1265,0
DA:1266,0
DA:1267,0
DA:1268,0
DA:1269,0
DA:1270,0
DA:1271,0
DA:1272,0
DA:1273,0
DA:1274,0
DA:1275,0
DA:1276,0
DA:1277,0
DA:1278,0
DA:1279,0
DA:1280,0
DA:1281,0
DA:1282,0
DA:1283,0
DA:1284,0
DA:1285,0
DA:1286,0
DA:1287,0
DA:1288,0
DA:1289,1
DA:1290,0
DA:1291,0
DA:1292,0
DA:1293,0
DA:1294,0
DA:1295,0
DA:1296,0
DA:1297,0
DA:1298,0
DA:1299,0
DA:1300,0
DA:1301,0
DA:1302,0
DA:1303,0
DA:1304,0
DA:1305,0
DA:1306,0
DA:1307,0
DA:1308,0
DA:1309,0
DA:1310,0
DA:1311,0
DA:1312,0
DA:1313,0
DA:1314,0
DA:1315,0
DA:1316,0
DA:1317,0
DA:1318,0
DA:1319,1
DA:1320,0
DA:1321,0
DA:1322,0
DA:1323,0
DA:1324,0
DA:1325,0
DA:1326,0
DA:1327,0
DA:1328,0
DA:1329,0
DA:1330,0
DA:1331,0
DA:1332,0
DA:1333,0
DA:1334,0
DA:1335,0
DA:1336,0
DA:1337,0
DA:1338,0
DA:1339,0
DA:1340,0
DA:1341,0
DA:1342,0
DA:1343,0
DA:1344,0
DA:1345,0
DA:1346,0
DA:1347,0
DA:1348,0
DA:1349,0
DA:1350,0
DA:1351,0
DA:1352,0
DA:1353,0
DA:1354,0
DA:1355,0
DA:1356,0
DA:1357,0
DA:1358,0
DA:1359,0
DA:1360,0
DA:1361,0
DA:1362,0
DA:1363,0
DA:1364,0
DA:1365,0
DA:1366,0
DA:1367,0
DA:1368,0
DA:1369,0
DA:1370,0
DA:1371,0
DA:1372,0
DA:1373,0
DA:1374,0
DA:1375,0
DA:1376,0
DA:1377,0
DA:1378,0
DA:1379,0
DA:1380,0
DA:1381,0
DA:1382,0
DA:1383,0
DA:1384,0
DA:1385,0
DA:1386,0
DA:1387,0
DA:1388,0
DA:1389,1
DA:1390,0
DA:1391,0
DA:1392,0
DA:1393,0
DA:1394,0
DA:1395,0
DA:1396,0
DA:1397,0
DA:1398,0
DA:1399,0
DA:1400,0
DA:1401,0
DA:1402,0
DA:1403,0
DA:1404,0
DA:1405,0
DA:1406,0
DA:1407,0
DA:1408,0
DA:1409,0
DA:1410,0
DA:1411,0
DA:1412,0
DA:1413,0
DA:1414,0
DA:1415,0
DA:1416,0
DA:1417,0
DA:1418,0
DA:1419,0
DA:1420,0
DA:1421,1
DA:1422,1
DA:1423,1
DA:1424,1
DA:1425,1
DA:1426,91
DA:1427,91
DA:1428,11
DA:1429,11
DA:1430,11
DA:1431,11
DA:1432,11
DA:1433,11
DA:1434,11
DA:1435,11
LF:1435
LH:1007
BRDA:1079,0,0,32
BRDA:466,1,0,189
BRDA:973,2,0,21
BRDA:977,3,0,21
BRDA:981,4,0,21
BRDA:983,5,0,0
BRDA:989,6,0,0
BRDA:993,7,0,0
BRDA:997,8,0,0
BRDA:1014,9,0,0
BRDA:1020,10,0,21
BRDA:1083,11,0,21
BRDA:1090,12,0,21
BRDA:1094,13,0,46
BRDA:1141,14,0,91
BRDA:1143,15,0,42
BRDA:1147,16,0,168
BRDA:1147,17,0,50
BRDA:1189,18,0,1
BRDA:1200,19,0,1
BRDA:1211,20,0,10
BRDA:1215,21,0,38
BRDA:1248,22,0,4
BRDA:585,23,0,20
BRDA:586,24,0,10
BRDA:592,25,0,8
BRDA:600,26,0,4
BRDA:736,27,0,8
BRDA:746,28,0,2
BRDA:753,29,0,1
BRDA:823,30,0,32
BRDA:825,31,0,16
BRDA:833,32,0,6
BRDA:843,33,0,5
BRDA:849,34,0,0
BRDA:867,35,0,31
BRDA:871,36,0,6
BRDA:881,37,0,15
BRDA:893,38,0,5
BRDA:901,39,0,0
BRDA:908,40,0,0
BRDA:914,41,0,0
BRDA:1244,42,0,168
BRDA:1225,43,0,38
BRDA:607,44,0,2
BRDA:755,45,0,1
BRDA:564,46,0,34
BRDA:565,47,0,30
BRDA:762,48,0,6
BRDA:766,49,0,2
BRDA:781,50,0,1
BRDA:788,51,0,2
BRDA:835,52,0,3
BRDA:841,53,0,10
BRDA:883,54,0,13
BRDA:891,55,0,10
BRDA:1108,56,0,10
BRDA:1117,57,0,6
BRDA:1120,58,0,6
BRDA:1215,59,0,168
BRDA:783,60,0,1
BRDA:556,61,0,7
BRDA:560,62,0,4
BRDA:565,63,0,19
BRDA:571,64,0,22
BRDA:572,65,0,16
BRDA:770,66,0,1
BRDA:777,67,0,4
BRDA:827,68,0,13
BRDA:827,69,0,7
BRDA:827,70,0,4
BRDA:827,71,0,3
BRDA:829,72,0,13
BRDA:833,73,0,16
BRDA:873,74,0,3
BRDA:883,75,0,9
BRDA:885,76,0,6
BRDA:1189,77,0,168
BRDA:1154,78,0,50
BRDA:1157,79,0,50
BRDA:1162,80,0,50
BRDA:772,81,0,1
BRDA:777,82,0,2
BRDA:792,83,0,1
BRDA:806,84,0,0
BRDA:1222,85,0,38
BRDA:801,86,0,1
BRDA:861,87,0,1
BRDA:1200,88,0,168
BRDA:1211,89,0,168
BRDA:1244,90,0,168
BRDA:1248,91,0,4
BRDA:1258,92,0,4
BRDA:1289,93,0,4
BRDA:1319,94,0,4
BRDA:1389,95,0,4
BRDA:1170,96,0,50
BRF:97
BRH:87
end_of_record
TN:
SF:src/util.ts
FN:1,writeCookie
FN:5,clearCookie
FN:9,readCookie
FN:25,callApi
FNF:4
FNH:0
FNDA:0,writeCookie
FNDA:0,clearCookie
FNDA:0,readCookie
FNDA:0,callApi
DA:1,0
DA:2,0
DA:3,0
DA:4,11
DA:5,0
DA:6,0
DA:7,0
DA:8,11
DA:9,0
DA:10,0
DA:11,0
DA:12,0
DA:13,0
DA:14,0
DA:15,0
DA:16,0
DA:17,0
DA:18,0
DA:19,0
DA:20,0
DA:21,0
DA:22,0
DA:23,0
DA:24,11
DA:25,0
DA:26,0
DA:27,0
DA:28,0
DA:29,0
DA:30,0
DA:31,0
DA:32,0
DA:33,0
DA:34,0
DA:35,0
DA:36,0
DA:37,0
DA:38,0
DA:39,0
DA:40,0
DA:41,0
DA:42,0
DA:43,0
DA:44,0
DA:45,0
DA:46,0
DA:47,0
DA:48,0
DA:49,0
DA:50,0
DA:51,11
DA:52,11
DA:53,11
DA:54,11
DA:55,11
DA:56,11
LF:56
LH:9
BRF:0
BRH:0
end_of_record
