TN:
SF:src/sf-user-auth.ts
FN:1103,SfUserAuth
FN:503,SfUserAuth.onArgs
FN:586,SfUserAuth.signOut
FN:595,SfUserAuth.validateTerms
FN:599,SfUserAuth.validatePrivacy
FN:603,SfUserAuth.validateEmail
FN:610,SfUserAuth.validateName
FN:617,SfUserAuth.validateOtp
FN:624,SfUserAuth.clearMessages
FN:632,SfUserAuth.setError
FN:639,SfUserAuth.setSuccess
FN:646,SfUserAuth.insertLogsHTML
FN:740,SfUserAuth.insertUserDetailHTML
FN:771,SfUserAuth.prepareXhr
FN:781,SfUserAuth.onResendSubmit
FN:797,SfUserAuth.onFormSubmit
FN:854,SfUserAuth.evalSubmit
FN:892,SfUserAuth.onCheckedChange
FN:898,SfUserAuth.onKeyUp
FN:955,SfUserAuth.onLocked
FN:969,SfUserAuth.onUnlocked
FN:982,SfUserAuth.onCancelUserDetails
FN:986,SfUserAuth.onSearchClick
FN:992,SfUserAuth.decorateSlots
FN:996,SfUserAuth.copySlots
FN:1000,SfUserAuth.initState
FN:1045,SfUserAuth.initListeners
FN:1049,SfUserAuth.fetchUserDetails
FN:1062,SfUserAuth.fetchSignout
FN:1078,SfUserAuth.fetchLogs
FN:1107,firstUpdated
FN:1114,connectedCallback
FN:1118,getUiRefresh
FN:1134,getUiSignIn
FN:1169,render
FNF:35
FNH:35
FNDA:54,SfUserAuth
FNDA:384,SfUserAuth.onArgs
FNDA:4,SfUserAuth.signOut
FNDA:7,SfUserAuth.validateTerms
FNDA:4,SfUserAuth.validatePrivacy
FNDA:37,SfUserAuth.validateEmail
FNDA:22,SfUserAuth.validateName
FNDA:20,SfUserAuth.validateOtp
FNDA:9,SfUserAuth.clearMessages
FNDA:4,SfUserAuth.setError
FNDA:3,SfUserAuth.setSuccess
FNDA:2,SfUserAuth.insertLogsHTML
FNDA:8,SfUserAuth.insertUserDetailHTML
FNDA:25,SfUserAuth.prepareXhr
FNDA:2,SfUserAuth.onResendSubmit
FNDA:7,SfUserAuth.onFormSubmit
FNDA:35,SfUserAuth.evalSubmit
FNDA:1,SfUserAuth.onCheckedChange
FNDA:34,SfUserAuth.onKeyUp
FNDA:9,SfUserAuth.onLocked
FNDA:1,SfUserAuth.onUnlocked
FNDA:1,SfUserAuth.onCancelUserDetails
FNDA:1,SfUserAuth.onSearchClick
FNDA:32,SfUserAuth.decorateSlots
FNDA:32,SfUserAuth.copySlots
FNDA:131,SfUserAuth.initState
FNDA:32,SfUserAuth.initListeners
FNDA:10,SfUserAuth.fetchUserDetails
FNDA:1,SfUserAuth.fetchSignout
FNDA:2,SfUserAuth.fetchLogs
FNDA:32,firstUpdated
FNDA:32,connectedCallback
FNDA:36,getUiRefresh
FNDA:10,getUiSignIn
FNDA:99,render
DA:1,22
DA:2,22
DA:3,22
DA:4,22
DA:5,22
DA:6,22
DA:7,22
DA:8,22
DA:9,22
DA:10,22
DA:11,22
DA:12,22
DA:13,22
DA:14,22
DA:15,22
DA:16,22
DA:17,22
DA:18,22
DA:19,22
DA:20,22
DA:21,22
DA:22,22
DA:23,22
DA:24,22
DA:25,22
DA:26,22
DA:27,22
DA:28,22
DA:29,22
DA:30,22
DA:31,22
DA:32,22
DA:33,22
DA:34,22
DA:35,22
DA:36,22
DA:37,22
DA:38,22
DA:39,22
DA:40,22
DA:41,22
DA:42,22
DA:43,22
DA:44,22
DA:45,22
DA:46,22
DA:47,22
DA:48,22
DA:49,22
DA:50,22
DA:51,22
DA:52,22
DA:53,22
DA:54,22
DA:55,22
DA:56,22
DA:57,22
DA:58,22
DA:59,22
DA:60,22
DA:61,22
DA:62,22
DA:63,22
DA:64,22
DA:65,22
DA:66,22
DA:67,22
DA:68,22
DA:69,22
DA:70,22
DA:71,22
DA:72,22
DA:73,22
DA:74,22
DA:75,22
DA:76,22
DA:77,22
DA:78,22
DA:79,22
DA:80,22
DA:81,22
DA:82,22
DA:83,22
DA:84,22
DA:85,22
DA:86,22
DA:87,22
DA:88,22
DA:89,22
DA:90,22
DA:91,22
DA:92,22
DA:93,22
DA:94,22
DA:95,22
DA:96,22
DA:97,22
DA:98,22
DA:99,22
DA:100,22
DA:101,22
DA:102,22
DA:103,22
DA:104,22
DA:105,22
DA:106,22
DA:107,22
DA:108,22
DA:109,22
DA:110,22
DA:111,22
DA:112,22
DA:113,22
DA:114,22
DA:115,22
DA:116,22
DA:117,22
DA:118,22
DA:119,22
DA:120,22
DA:121,22
DA:122,22
DA:123,22
DA:124,22
DA:125,22
DA:126,22
DA:127,22
DA:128,22
DA:129,22
DA:130,22
DA:131,22
DA:132,22
DA:133,22
DA:134,22
DA:135,22
DA:136,22
DA:137,22
DA:138,22
DA:139,22
DA:140,22
DA:141,22
DA:142,22
DA:143,22
DA:144,22
DA:145,22
DA:146,22
DA:147,22
DA:148,22
DA:149,22
DA:150,22
DA:151,22
DA:152,22
DA:153,22
DA:154,22
DA:155,22
DA:156,22
DA:157,22
DA:158,22
DA:159,22
DA:160,22
DA:161,22
DA:162,22
DA:163,22
DA:164,22
DA:165,22
DA:166,22
DA:167,22
DA:168,22
DA:169,22
DA:170,22
DA:171,22
DA:172,22
DA:173,22
DA:174,22
DA:175,22
DA:176,22
DA:177,22
DA:178,22
DA:179,22
DA:180,22
DA:181,22
DA:182,22
DA:183,22
DA:184,22
DA:185,22
DA:186,22
DA:187,22
DA:188,22
DA:189,22
DA:190,22
DA:191,22
DA:192,22
DA:193,22
DA:194,22
DA:195,22
DA:196,22
DA:197,22
DA:198,22
DA:199,22
DA:200,22
DA:201,22
DA:202,22
DA:203,22
DA:204,22
DA:205,22
DA:206,22
DA:207,22
DA:208,22
DA:209,22
DA:210,22
DA:211,22
DA:212,22
DA:213,22
DA:214,22
DA:215,22
DA:216,22
DA:217,22
DA:218,22
DA:219,22
DA:220,22
DA:221,22
DA:222,22
DA:223,22
DA:224,22
DA:225,22
DA:226,22
DA:227,22
DA:228,22
DA:229,22
DA:230,22
DA:231,22
DA:232,22
DA:233,22
DA:234,22
DA:235,22
DA:236,22
DA:237,22
DA:238,22
DA:239,22
DA:240,22
DA:241,22
DA:242,22
DA:243,22
DA:244,22
DA:245,22
DA:246,22
DA:247,22
DA:248,22
DA:249,22
DA:250,22
DA:251,22
DA:252,22
DA:253,22
DA:254,22
DA:255,22
DA:256,22
DA:257,22
DA:258,22
DA:259,22
DA:260,22
DA:261,22
DA:262,22
DA:263,22
DA:264,22
DA:265,22
DA:266,22
DA:267,22
DA:268,22
DA:269,22
DA:270,22
DA:271,22
DA:272,22
DA:273,22
DA:274,22
DA:275,22
DA:276,22
DA:277,22
DA:278,22
DA:279,22
DA:280,22
DA:281,22
DA:282,22
DA:283,22
DA:284,22
DA:285,22
DA:286,22
DA:287,22
DA:288,22
DA:289,22
DA:290,22
DA:291,22
DA:292,22
DA:293,22
DA:294,22
DA:295,22
DA:296,22
DA:297,22
DA:298,22
DA:299,22
DA:300,22
DA:301,22
DA:302,22
DA:303,22
DA:304,22
DA:305,22
DA:306,22
DA:307,22
DA:308,22
DA:309,22
DA:310,22
DA:311,22
DA:312,22
DA:313,22
DA:314,22
DA:315,22
DA:316,22
DA:317,22
DA:318,22
DA:319,22
DA:320,22
DA:321,22
DA:322,22
DA:323,22
DA:324,22
DA:325,22
DA:326,22
DA:327,22
DA:328,22
DA:329,22
DA:330,22
DA:331,22
DA:332,22
DA:333,22
DA:334,22
DA:335,22
DA:336,22
DA:337,22
DA:338,22
DA:339,22
DA:340,22
DA:341,22
DA:342,22
DA:343,22
DA:344,22
DA:345,22
DA:346,22
DA:347,22
DA:348,22
DA:349,22
DA:350,22
DA:351,22
DA:352,22
DA:353,22
DA:354,22
DA:355,22
DA:356,22
DA:357,22
DA:358,22
DA:359,22
DA:360,22
DA:361,22
DA:362,22
DA:363,22
DA:364,22
DA:365,22
DA:366,22
DA:367,22
DA:368,22
DA:369,22
DA:370,22
DA:371,22
DA:372,22
DA:373,22
DA:374,22
DA:375,22
DA:376,22
DA:377,22
DA:378,22
DA:379,22
DA:380,22
DA:381,22
DA:382,22
DA:383,22
DA:384,22
DA:385,22
DA:386,22
DA:387,22
DA:388,22
DA:389,22
DA:390,22
DA:391,22
DA:392,22
DA:393,22
DA:394,22
DA:395,22
DA:396,22
DA:397,22
DA:398,22
DA:399,22
DA:400,22
DA:401,22
DA:402,22
DA:403,22
DA:404,22
DA:405,22
DA:406,22
DA:407,22
DA:408,22
DA:409,22
DA:410,22
DA:411,22
DA:412,22
DA:413,22
DA:414,22
DA:415,22
DA:416,22
DA:417,22
DA:418,22
DA:419,22
DA:420,22
DA:421,22
DA:422,22
DA:423,22
DA:424,22
DA:425,22
DA:426,22
DA:427,22
DA:428,22
DA:429,22
DA:430,22
DA:431,22
DA:432,22
DA:433,22
DA:434,22
DA:435,22
DA:436,22
DA:437,22
DA:438,22
DA:439,22
DA:440,22
DA:441,22
DA:442,22
DA:443,22
DA:444,22
DA:445,22
DA:446,22
DA:447,22
DA:448,22
DA:449,22
DA:450,22
DA:451,22
DA:452,22
DA:453,22
DA:454,22
DA:455,22
DA:456,22
DA:457,22
DA:458,22
DA:459,22
DA:460,22
DA:461,22
DA:462,22
DA:463,22
DA:464,22
DA:465,22
DA:466,22
DA:467,22
DA:468,22
DA:469,22
DA:470,22
DA:471,22
DA:472,22
DA:473,22
DA:474,22
DA:475,22
DA:476,22
DA:477,22
DA:478,22
DA:479,22
DA:480,22
DA:481,22
DA:482,22
DA:483,22
DA:484,22
DA:485,22
DA:486,22
DA:487,22
DA:488,22
DA:489,22
DA:490,22
DA:491,22
DA:492,22
DA:493,22
DA:494,22
DA:495,22
DA:496,22
DA:497,22
DA:498,22
DA:499,22
DA:500,22
DA:501,22
DA:502,22
DA:503,22
DA:504,22
DA:505,22
DA:506,22
DA:507,22
DA:508,22
DA:509,22
DA:510,22
DA:511,22
DA:512,22
DA:513,22
DA:514,22
DA:515,22
DA:516,22
DA:517,22
DA:518,22
DA:519,22
DA:520,22
DA:521,22
DA:522,22
DA:523,22
DA:524,22
DA:525,22
DA:526,22
DA:527,22
DA:528,22
DA:529,22
DA:530,22
DA:531,22
DA:532,22
DA:533,22
DA:534,22
DA:535,22
DA:536,22
DA:537,22
DA:538,22
DA:539,22
DA:540,22
DA:541,22
DA:542,22
DA:543,22
DA:544,22
DA:545,22
DA:546,22
DA:547,22
DA:548,22
DA:549,22
DA:550,22
DA:551,22
DA:552,22
DA:553,22
DA:554,22
DA:555,22
DA:556,22
DA:557,22
DA:558,22
DA:559,22
DA:560,22
DA:561,22
DA:562,22
DA:563,22
DA:564,22
DA:565,22
DA:566,22
DA:567,22
DA:568,22
DA:569,22
DA:570,22
DA:571,22
DA:572,22
DA:573,22
DA:574,22
DA:575,22
DA:576,22
DA:577,22
DA:578,22
DA:579,22
DA:580,22
DA:581,22
DA:582,22
DA:583,22
DA:584,22
DA:585,22
DA:586,22
DA:587,4
DA:588,4
DA:589,4
DA:590,4
DA:591,4
DA:592,4
DA:593,4
DA:594,22
DA:595,22
DA:596,7
DA:597,7
DA:598,22
DA:599,22
DA:600,4
DA:601,4
DA:602,22
DA:603,22
DA:604,37
DA:605,21
DA:606,21
DA:607,16
DA:608,16
DA:609,22
DA:610,22
DA:611,22
DA:612,16
DA:613,16
DA:614,22
DA:615,22
DA:616,22
DA:617,22
DA:618,20
DA:619,10
DA:620,10
DA:621,10
DA:622,10
DA:623,22
DA:624,22
DA:625,9
DA:626,9
DA:627,9
DA:628,9
DA:629,9
DA:630,9
DA:631,22
DA:632,22
DA:633,4
DA:634,4
DA:635,4
DA:636,4
DA:637,4
DA:638,22
DA:639,22
DA:640,3
DA:641,3
DA:642,3
DA:643,3
DA:644,3
DA:645,22
DA:646,22
DA:647,2
DA:648,2
DA:649,2
DA:650,2
DA:651,2
DA:652,2
DA:653,2
DA:654,2
DA:655,2
DA:656,2
DA:657,2
DA:658,3
DA:659,3
DA:660,3
DA:661,3
DA:662,3
DA:663,3
DA:664,3
DA:665,3
DA:666,3
DA:667,3
DA:668,2
DA:669,2
DA:670,2
DA:671,2
DA:672,1
DA:673,1
DA:674,2
DA:675,2
DA:676,2
DA:677,2
DA:678,2
DA:679,2
DA:680,2
DA:681,2
DA:682,2
DA:683,2
DA:684,2
DA:685,2
DA:686,2
DA:687,2
DA:688,2
DA:689,2
DA:690,2
DA:691,2
DA:692,2
DA:693,2
DA:694,2
DA:695,2
DA:696,2
DA:697,2
DA:698,2
DA:699,2
DA:700,2
DA:701,2
DA:702,2
DA:703,2
DA:704,2
DA:705,2
DA:706,2
DA:707,2
DA:708,2
DA:709,2
DA:710,2
DA:711,2
DA:712,2
DA:713,2
DA:714,2
DA:715,2
DA:716,2
DA:717,2
DA:718,2
DA:719,2
DA:720,2
DA:721,2
DA:722,2
DA:723,2
DA:724,2
DA:725,2
DA:726,2
DA:727,2
DA:728,2
DA:729,2
DA:730,2
DA:731,2
DA:732,2
DA:733,2
DA:734,2
DA:735,2
DA:736,2
DA:737,2
DA:738,2
DA:739,22
DA:740,22
DA:741,8
DA:742,8
DA:743,8
DA:744,2
DA:745,2
DA:746,8
DA:747,6
DA:748,6
DA:749,8
DA:750,6
DA:751,6
DA:752,8
DA:753,2
DA:754,2
DA:755,8
DA:756,8
DA:757,8
DA:758,8
DA:759,8
DA:760,8
DA:761,4
DA:762,2
DA:763,4
DA:764,2
DA:765,2
DA:766,8
DA:767,4
DA:768,4
DA:769,8
DA:770,22
DA:771,22
DA:772,25
DA:773,25
DA:774,25
DA:775,13
DA:776,13
DA:777,25
DA:778,25
DA:779,25
DA:780,22
DA:781,22
DA:782,2
DA:783,2
DA:784,2
DA:785,2
DA:786,2
DA:787,2
DA:788,2
DA:789,1
DA:790,2
DA:791,1
DA:792,1
DA:793,1
DA:794,2
DA:795,2
DA:796,22
DA:797,22
DA:798,7
DA:799,7
DA:800,7
DA:801,7
DA:802,2
DA:803,2
DA:804,2
DA:805,2
DA:806,1
DA:807,2
DA:808,1
DA:809,1
DA:810,1
DA:811,2
DA:812,7
DA:813,2
DA:814,2
DA:815,2
DA:816,2
DA:817,1
DA:818,2
DA:819,1
DA:820,1
DA:821,1
DA:822,2
DA:823,5
DA:824,2
DA:825,2
DA:826,2
DA:827,2
DA:828,1
DA:829,1
DA:830,1
DA:831,1
DA:832,1
DA:833,1
DA:834,1
DA:835,1
DA:836,2
DA:837,1
DA:838,1
DA:839,1
DA:840,2
DA:841,3
DA:842,1
DA:843,1
DA:844,1
DA:845,1
DA:846,1
DA:847,1
DA:848,1
DA:849,1
DA:850,1
DA:851,7
DA:852,7
DA:853,22
DA:854,22
DA:855,35
DA:856,35
DA:857,16
DA:858,16
DA:859,3
DA:860,16
DA:861,13
DA:862,13
DA:863,16
DA:864,35
DA:865,6
DA:866,6
DA:867,3
DA:868,3
DA:869,3
DA:870,3
DA:871,6
DA:872,19
DA:873,10
DA:874,10
DA:875,5
DA:876,5
DA:877,5
DA:878,5
DA:879,10
DA:880,13
DA:881,3
DA:882,3
DA:883,2
DA:884,2
DA:885,1
DA:886,1
DA:887,3
DA:888,3
DA:889,35
DA:890,35
DA:891,22
DA:892,22
DA:893,1
DA:894,1
DA:895,1
DA:896,1
DA:897,22
DA:898,22
DA:899,34
DA:900,34
DA:901,34
DA:902,34
DA:903,6
DA:904,6
DA:905,3
DA:906,3
DA:907,3
DA:908,3
DA:909,6
DA:910,6
DA:911,34
DA:912,34
DA:913,15
DA:914,15
DA:915,9
DA:916,13
DA:917,6
DA:918,6
DA:919,15
DA:920,15
DA:921,34
DA:922,34
DA:923,10
DA:924,10
DA:925,5
DA:926,5
DA:927,5
DA:928,5
DA:929,10
DA:930,10
DA:931,34
DA:932,34
DA:933,3
DA:934,3
DA:935,3
DA:936,3
DA:937,3
DA:938,34
DA:939,34
DA:940,0
DA:941,0
DA:942,0
DA:943,0
DA:944,34
DA:945,34
DA:946,34
DA:947,34
DA:948,34
DA:949,34
DA:950,34
DA:951,34
DA:952,34
DA:953,34
DA:954,22
DA:955,22
DA:956,9
DA:957,9
DA:958,9
DA:959,9
DA:960,9
DA:961,9
DA:962,9
DA:963,9
DA:964,9
DA:965,9
DA:966,9
DA:967,9
DA:968,22
DA:969,22
DA:970,1
DA:971,1
DA:972,1
DA:973,1
DA:974,1
DA:975,1
DA:976,1
DA:977,1
DA:978,1
DA:979,1
DA:980,1
DA:981,22
DA:982,22
DA:983,1
DA:984,1
DA:985,22
DA:986,22
DA:987,1
DA:988,1
DA:989,1
DA:990,1
DA:991,22
DA:992,22
DA:993,32
DA:994,32
DA:995,22
DA:996,22
DA:997,32
DA:998,32
DA:999,22
DA:1000,22
DA:1001,131
DA:1002,131
DA:1003,10
DA:1004,10
DA:1005,10
DA:1006,10
DA:1007,10
DA:1008,10
DA:1009,10
DA:1010,10
DA:1011,10
DA:1012,131
DA:1013,131
DA:1014,131
DA:1015,2
DA:1016,2
DA:1017,131
DA:1018,131
DA:1019,1
DA:1020,1
DA:1021,131
DA:1022,131
DA:1023,3
DA:1024,3
DA:1025,3
DA:1026,3
DA:1027,1
DA:1028,1
DA:1029,1
DA:1030,1
DA:1031,1
DA:1032,1
DA:1033,3
DA:1034,2
DA:1035,2
DA:1036,3
DA:1037,3
DA:1038,131
DA:1039,131
DA:1040,1
DA:1041,1
DA:1042,131
DA:1043,131
DA:1044,22
DA:1045,22
DA:1046,32
DA:1047,32
DA:1048,22
DA:1049,22
DA:1050,10
DA:1051,10
DA:1052,10
DA:1053,10
DA:1054,8
DA:1055,8
DA:1056,8
DA:1057,10
DA:1058,2
DA:1059,2
DA:1060,10
DA:1061,22
DA:1062,22
DA:1063,1
DA:1064,1
DA:1065,1
DA:1066,1
DA:1067,0
DA:1068,0
DA:1069,0
DA:1070,0
DA:1071,0
DA:1072,0
DA:1073,1
DA:1074,1
DA:1075,1
DA:1076,1
DA:1077,22
DA:1078,22
DA:1079,2
DA:1080,2
DA:1081,0
DA:1082,2
DA:1083,2
DA:1084,2
DA:1085,2
DA:1086,2
DA:1087,2
DA:1088,2
DA:1089,2
DA:1090,2
DA:1091,2
DA:1092,2
DA:1093,2
DA:1094,2
DA:1095,2
DA:1096,0
DA:1097,0
DA:1098,2
DA:1099,2
DA:1100,2
DA:1101,2
DA:1102,22
DA:1103,22
DA:1104,54
DA:1105,54
DA:1106,22
DA:1107,22
DA:1108,32
DA:1109,32
DA:1110,32
DA:1111,32
DA:1112,32
DA:1113,22
DA:1114,22
DA:1115,32
DA:1116,32
DA:1117,22
DA:1118,22
DA:1119,36
DA:1120,36
DA:1121,36
DA:1122,36
DA:1123,36
DA:1124,36
DA:1125,36
DA:1126,36
DA:1127,36
DA:1128,36
DA:1129,36
DA:1130,36
DA:1131,36
DA:1132,36
DA:1133,22
DA:1134,22
DA:1135,10
DA:1136,10
DA:1137,10
DA:1138,10
DA:1139,10
DA:1140,10
DA:1141,10
DA:1142,10
DA:1143,10
DA:1144,10
DA:1145,10
DA:1146,10
DA:1147,10
DA:1148,10
DA:1149,10
DA:1150,10
DA:1151,10
DA:1152,10
DA:1153,10
DA:1154,10
DA:1155,10
DA:1156,10
DA:1157,10
DA:1158,10
DA:1159,10
DA:1160,10
DA:1161,10
DA:1162,10
DA:1163,10
DA:1164,10
DA:1165,10
DA:1166,10
DA:1167,10
DA:1168,22
DA:1169,22
DA:1170,99
DA:1171,99
DA:1172,99
DA:1173,99
DA:1174,32
DA:1175,32
DA:1176,32
DA:1177,92
DA:1178,16
DA:1179,16
DA:1180,16
DA:1181,16
DA:1182,16
DA:1183,16
DA:1184,16
DA:1185,16
DA:1186,16
DA:1187,16
DA:1188,16
DA:1189,16
DA:1190,16
DA:1191,16
DA:1192,16
DA:1193,16
DA:1194,16
DA:1195,16
DA:1196,16
DA:1197,16
DA:1198,16
DA:1199,16
DA:1200,16
DA:1201,16
DA:1202,16
DA:1203,16
DA:1204,16
DA:1205,16
DA:1206,16
DA:1207,16
DA:1208,16
DA:1209,16
DA:1210,16
DA:1211,16
DA:1212,16
DA:1213,16
DA:1214,16
DA:1215,16
DA:1216,16
DA:1217,16
DA:1218,16
DA:1219,16
DA:1220,16
DA:1221,16
DA:1222,16
DA:1223,16
DA:1224,67
DA:1225,1
DA:1226,1
DA:1227,1
DA:1228,1
DA:1229,1
DA:1230,1
DA:1231,1
DA:1232,1
DA:1233,1
DA:1234,1
DA:1235,1
DA:1236,51
DA:1237,1
DA:1238,1
DA:1239,1
DA:1240,1
DA:1241,1
DA:1242,1
DA:1243,1
DA:1244,1
DA:1245,1
DA:1246,1
DA:1247,1
DA:1248,50
DA:1249,10
DA:1250,10
DA:1251,10
DA:1252,49
DA:1253,16
DA:1254,16
DA:1255,16
DA:1256,16
DA:1257,16
DA:1258,16
DA:1259,16
DA:1260,16
DA:1261,16
DA:1262,16
DA:1263,16
DA:1264,16
DA:1265,16
DA:1266,16
DA:1267,16
DA:1268,16
DA:1269,16
DA:1270,16
DA:1271,16
DA:1272,16
DA:1273,16
DA:1274,16
DA:1275,16
DA:1276,16
DA:1277,16
DA:1278,16
DA:1279,16
DA:1280,16
DA:1281,16
DA:1282,16
DA:1283,39
DA:1284,3
DA:1285,3
DA:1286,3
DA:1287,23
DA:1288,1
DA:1289,1
DA:1290,1
DA:1291,1
DA:1292,1
DA:1293,1
DA:1294,1
DA:1295,1
DA:1296,1
DA:1297,1
DA:1298,1
DA:1299,19
DA:1300,5
DA:1301,5
DA:1302,5
DA:1303,5
DA:1304,5
DA:1305,5
DA:1306,5
DA:1307,5
DA:1308,5
DA:1309,5
DA:1310,5
DA:1311,5
DA:1312,5
DA:1313,5
DA:1314,5
DA:1315,5
DA:1316,5
DA:1317,5
DA:1318,5
DA:1319,5
DA:1320,5
DA:1321,5
DA:1322,5
DA:1323,5
DA:1324,5
DA:1325,5
DA:1326,5
DA:1327,5
DA:1328,5
DA:1329,5
DA:1330,5
DA:1331,5
DA:1332,19
DA:1333,2
DA:1334,2
DA:1335,2
DA:1336,2
DA:1337,2
DA:1338,2
DA:1339,2
DA:1340,2
DA:1341,2
DA:1342,2
DA:1343,2
DA:1344,2
DA:1345,2
DA:1346,2
DA:1347,2
DA:1348,2
DA:1349,2
DA:1350,2
DA:1351,2
DA:1352,2
DA:1353,2
DA:1354,2
DA:1355,2
DA:1356,2
DA:1357,2
DA:1358,2
DA:1359,2
DA:1360,2
DA:1361,2
DA:1362,2
DA:1363,2
DA:1364,14
DA:1365,10
DA:1366,10
DA:1367,10
DA:1368,10
DA:1369,10
DA:1370,10
DA:1371,10
DA:1372,10
DA:1373,10
DA:1374,10
DA:1375,10
DA:1376,10
DA:1377,10
DA:1378,10
DA:1379,10
DA:1380,10
DA:1381,10
DA:1382,10
DA:1383,10
DA:1384,10
DA:1385,10
DA:1386,10
DA:1387,10
DA:1388,10
DA:1389,10
DA:1390,10
DA:1391,10
DA:1392,10
DA:1393,10
DA:1394,10
DA:1395,10
DA:1396,10
DA:1397,10
DA:1398,10
DA:1399,10
DA:1400,10
DA:1401,10
DA:1402,10
DA:1403,10
DA:1404,10
DA:1405,10
DA:1406,10
DA:1407,10
DA:1408,10
DA:1409,10
DA:1410,10
DA:1411,10
DA:1412,10
DA:1413,10
DA:1414,10
DA:1415,10
DA:1416,10
DA:1417,10
DA:1418,10
DA:1419,10
DA:1420,10
DA:1421,10
DA:1422,10
DA:1423,10
DA:1424,10
DA:1425,10
DA:1426,10
DA:1427,10
DA:1428,10
DA:1429,10
DA:1430,10
DA:1431,10
DA:1432,10
DA:1433,10
DA:1434,10
DA:1435,10
DA:1436,10
DA:1437,12
DA:1438,1
DA:1439,1
DA:1440,1
DA:1441,1
DA:1442,1
DA:1443,1
DA:1444,1
DA:1445,1
DA:1446,1
DA:1447,1
DA:1448,1
DA:1449,1
DA:1450,1
DA:1451,1
DA:1452,1
DA:1453,1
DA:1454,1
DA:1455,1
DA:1456,1
DA:1457,1
DA:1458,1
DA:1459,1
DA:1460,1
DA:1461,1
DA:1462,1
DA:1463,1
DA:1464,1
DA:1465,1
DA:1466,1
DA:1467,1
DA:1468,1
DA:1469,1
DA:1470,1
DA:1471,2
DA:1472,1
DA:1473,1
DA:1474,1
DA:1475,1
DA:1476,99
DA:1477,99
DA:1478,22
DA:1479,22
DA:1480,22
DA:1481,22
DA:1482,22
DA:1483,22
DA:1484,22
DA:1485,22
LF:1485
LH:1472
BRDA:1103,0,0,54
BRDA:503,1,0,384
BRDA:771,2,0,25
BRDA:774,3,0,13
BRDA:982,4,0,1
BRDA:992,5,0,32
BRDA:996,6,0,32
BRDA:1000,7,0,131
BRDA:1002,8,0,10
BRDA:1014,9,0,2
BRDA:1018,10,0,1
BRDA:1022,11,0,6
BRDA:1039,12,0,1
BRDA:1045,13,0,32
BRDA:1049,14,0,11
BRDA:1053,15,0,8
BRDA:1107,16,0,32
BRDA:1114,17,0,32
BRDA:1118,18,0,36
BRDA:1169,19,0,99
BRDA:1173,20,0,501
BRDA:1177,21,0,50
BRDA:1224,22,0,1
BRDA:1236,23,0,1
BRDA:1248,24,0,10
BRDA:1252,25,0,38
BRDA:1283,26,0,3
BRDA:1287,27,0,2
BRDA:1299,28,0,12
BRDA:1332,29,0,2
BRDA:1437,30,0,4
BRDA:740,31,0,8
BRDA:743,32,0,2
BRDA:752,33,0,2
BRDA:760,34,0,4
BRDA:955,35,0,9
BRDA:1057,36,0,11
BRDA:1173,37,0,501
BRDA:1177,38,0,501
BRDA:761,39,0,2
BRDA:766,40,0,4
BRDA:624,41,0,9
BRDA:639,42,0,3
BRDA:797,43,0,7
BRDA:801,44,0,2
BRDA:812,45,0,2
BRDA:823,46,0,2
BRDA:1389,47,0,501
BRDA:1428,48,0,501
BRDA:763,49,0,2
BRDA:746,50,0,6
BRDA:749,51,0,6
BRDA:969,52,0,1
BRDA:1382,53,0,501
BRDA:1383,54,0,501
BRDA:646,55,0,2
BRDA:657,56,0,3
BRDA:1078,57,0,2
BRDA:1080,58,0,0
BRDA:1095,59,0,0
BRDA:1364,60,0,501
BRDA:671,61,0,1
BRDA:603,62,0,37
BRDA:607,63,0,16
BRDA:854,64,0,35
BRDA:856,65,0,16
BRDA:864,66,0,6
BRDA:872,67,0,10
BRDA:884,68,0,1
BRDA:898,69,0,34
BRDA:902,70,0,6
BRDA:912,71,0,15
BRDA:922,72,0,10
BRDA:939,73,0,0
BRDA:945,74,0,0
BRDA:986,75,0,1
BRDA:1332,76,0,501
BRDA:1313,77,0,12
BRDA:1314,78,0,12
BRDA:586,79,0,4
BRDA:1062,80,0,1
BRDA:1066,81,0,0
BRDA:1364,82,0,501
BRDA:1471,83,0,4
BRDA:604,84,0,32
BRDA:882,85,0,2
BRDA:1026,86,0,6
BRDA:1287,87,0,501
BRDA:1033,88,0,6
BRDA:617,89,0,20
BRDA:618,90,0,10
BRDA:632,91,0,4
BRDA:781,92,0,2
BRDA:788,93,0,1
BRDA:874,94,0,5
BRDA:880,95,0,3
BRDA:924,96,0,5
BRDA:932,97,0,3
BRDA:1283,98,0,501
BRDA:1263,99,0,38
BRDA:790,100,0,1
BRDA:816,101,0,1
BRDA:823,102,0,3
BRDA:866,103,0,3
BRDA:872,104,0,13
BRDA:914,105,0,13
BRDA:1134,106,0,10
BRDA:1143,107,0,6
BRDA:1147,108,0,6
BRDA:1252,109,0,501
BRDA:818,110,0,1
BRDA:595,111,0,7
BRDA:599,112,0,4
BRDA:604,113,0,21
BRDA:610,114,0,22
BRDA:611,115,0,16
BRDA:805,116,0,1
BRDA:812,117,0,5
BRDA:858,118,0,13
BRDA:858,119,0,7
BRDA:858,120,0,4
BRDA:858,121,0,3
BRDA:860,122,0,13
BRDA:864,123,0,19
BRDA:904,124,0,3
BRDA:914,125,0,9
BRDA:916,126,0,6
BRDA:1224,127,0,501
BRDA:1185,128,0,50
BRDA:1188,129,0,50
BRDA:1194,130,0,50
BRDA:807,131,0,1
BRDA:827,132,0,1
BRDA:841,133,0,1
BRDA:1259,134,0,38
BRDA:836,135,0,1
BRDA:892,136,0,1
BRDA:1236,137,0,501
BRDA:1248,138,0,501
BRDA:1287,139,0,501
BRDA:1437,140,0,4
BRDA:1203,141,0,50
BRF:142
BRH:137
end_of_record
TN:
SF:src/util.ts
FN:1,writeCookie
FN:5,clearCookie
FN:9,readCookie
FN:25,callApi
FN:52,goBack
FN:56,goTo
FNF:6
FNH:4
FNDA:3,writeCookie
FNDA:12,clearCookie
FNDA:34,readCookie
FNDA:4,callApi
FNDA:0,goBack
FNDA:0,goTo
DA:1,3
DA:2,3
DA:3,3
DA:4,22
DA:5,12
DA:6,12
DA:7,12
DA:8,22
DA:9,34
DA:10,34
DA:11,34
DA:12,34
DA:13,34
DA:14,34
DA:15,34
DA:16,0
DA:17,0
DA:18,34
DA:19,0
DA:20,0
DA:21,34
DA:22,34
DA:23,34
DA:24,22
DA:25,4
DA:26,4
DA:27,4
DA:28,4
DA:29,4
DA:30,4
DA:31,4
DA:32,8
DA:33,8
DA:34,4
DA:35,4
DA:36,8
DA:37,4
DA:38,4
DA:39,4
DA:40,4
DA:41,4
DA:42,4
DA:43,4
DA:44,4
DA:45,4
DA:46,4
DA:47,4
DA:48,4
DA:49,4
DA:50,4
DA:51,22
DA:52,0
DA:53,0
DA:54,0
DA:55,22
DA:56,0
DA:57,0
DA:58,0
DA:59,22
DA:60,22
DA:61,22
DA:62,22
DA:63,22
DA:64,22
LF:64
LH:54
BRDA:9,0,0,34
BRDA:15,1,0,0
BRDA:18,2,0,0
BRDA:25,3,0,4
BRDA:27,4,0,4
BRDA:31,5,0,8
BRDA:33,6,0,4
BRDA:5,7,0,12
BRDA:1,8,0,3
BRF:9
BRH:7
end_of_record
